
SQL*Loader: Release 18.0.0.0.0 - Production on Fri Mar 11 21:33:51 2022
Version 18.5.0.0.0

Copyright (c) 1982, 2018, Oracle and/or its affiliates.  All rights reserved.

Control File:   ArchivoControl.ctl
Character Set UTF8 specified for all input.

Data File:      BIG_SMOKE_DATA.csv
  Bad File:     bad/ArchivoControl.bad
  Discard File:  none specified
 
 (Allow all discards)

Number to load: ALL
Number to skip: 1
Errors allowed: 50
Bind array:     250 rows, maximum of 1048576 bytes
Continuation:    none specified
Path used:      Conventional

Table BIG_SMOKE_DATA_TEMP, loaded from every logical record.
Insert option in effect for this table: TRUNCATE
TRAILING NULLCOLS option in effect

   Column Name                  Position   Len  Term Encl Datatype
------------------------------ ---------- ----- ---- ---- ---------------------
NOMBRE_EMPLEADO                     FIRST     *   ;  O(") CHARACTER            
APELLIDO_EMPLEADO                    NEXT     *   ;  O(") CHARACTER            
DIRECCION_EMPLEADO                   NEXT     *   ;  O(") CHARACTER            
TELEFONO_EMPLEADO                    NEXT     *   ;  O(") CHARACTER            
GENERO_EMPLEADO                      NEXT     *   ;  O(") CHARACTER            
FECHA_NACIMIENTO_EMPLEADO            NEXT     *   ;  O(") DATETIME YYYY-MM-DD      
TITULO_DEL_EMPLEADO                  NEXT     *   ;  O(") CHARACTER            
NOMBRE_PACIENTE                      NEXT     *   ;  O(") CHARACTER            
APELLIDO_PACIENTE                    NEXT     *   ;  O(") CHARACTER            
DIRECCION_PACIENTE                   NEXT     *   ;  O(") CHARACTER            
TELEFONO_PACIENTE                    NEXT     *   ;  O(") CHARACTER            
GENERO_PACIENTE                      NEXT     *   ;  O(") CHARACTER            
FECHA_NACIMIENTO_PACIENTE            NEXT     *   ;  O(") DATETIME YYYY-MM-DD      
ALTURA                               NEXT     *   ;  O(") CHARACTER            
PESO                                 NEXT     *   ;  O(") CHARACTER            
FECHA_EVALUACION                     NEXT     *   ;  O(") DATETIME YYYY-MM-DD      
SINTOMA_DEL_PACIENTE                 NEXT     *   ;  O(") CHARACTER            
DIAGNOSTICO_DEL_SINTOMA              NEXT     *   ;  O(") CHARACTER            
RANGO_DEL_DIAGNOSTICO                NEXT     *   ;  O(") CHARACTER            
FECHA_TRATAMIENTO                    NEXT     *   ;  O(") DATETIME YYYY-MM-DD      
TRATAMIENTO_APLICADO                 NEXT     *   ;  O(") CHARACTER            

value used for ROWS parameter changed from 250 to 193

Table BIG_SMOKE_DATA_TEMP:
  126333 Rows successfully loaded.
  0 Rows not loaded due to data errors.
  0 Rows not loaded because all WHEN clauses were failed.
  0 Rows not loaded because all fields were null.


Space allocated for bind array:                1045674 bytes(193 rows)
Read   buffer bytes: 1048576

Total logical records skipped:          1
Total logical records read:        126333
Total logical records rejected:         0
Total logical records discarded:        0

Run began on Fri Mar 11 21:33:51 2022
Run ended on Fri Mar 11 21:33:59 2022

Elapsed time was:     00:00:08.56
CPU time was:         00:00:02.23
